{"/Users/zdwh/mine/Ypaint/src/index.js": {"path":"/Users/zdwh/mine/Ypaint/src/index.js","statementMap":{"0":{"start":{"line":2,"column":16},"end":{"line":16,"column":4}},"1":{"start":{"line":3,"column":24},"end":{"line":8,"column":5}},"2":{"start":{"line":4,"column":8},"end":{"line":6,"column":110}},"3":{"start":{"line":5,"column":69},"end":{"line":5,"column":85}},"4":{"start":{"line":6,"column":30},"end":{"line":6,"column":107}},"5":{"start":{"line":6,"column":47},"end":{"line":6,"column":107}},"6":{"start":{"line":6,"column":95},"end":{"line":6,"column":107}},"7":{"start":{"line":7,"column":8},"end":{"line":7,"column":35}},"8":{"start":{"line":9,"column":4},"end":{"line":15,"column":6}},"9":{"start":{"line":10,"column":8},"end":{"line":11,"column":102}},"10":{"start":{"line":11,"column":12},"end":{"line":11,"column":102}},"11":{"start":{"line":12,"column":8},"end":{"line":12,"column":28}},"12":{"start":{"line":13,"column":24},"end":{"line":13,"column":45}},"13":{"start":{"line":14,"column":8},"end":{"line":14,"column":93}},"14":{"start":{"line":17,"column":0},"end":{"line":17,"column":26}},"15":{"start":{"line":19,"column":21},"end":{"line":19,"column":29}},"16":{"start":{"line":20,"column":23},"end":{"line":20,"column":24}},"17":{"start":{"line":21,"column":19},"end":{"line":21,"column":28}},"18":{"start":{"line":22,"column":20},"end":{"line":22,"column":21}},"19":{"start":{"line":23,"column":27},"end":{"line":23,"column":35}},"20":{"start":{"line":24,"column":23},"end":{"line":24,"column":41}},"21":{"start":{"line":26,"column":37},"end":{"line":38,"column":3}},"22":{"start":{"line":29,"column":8},"end":{"line":29,"column":29}},"23":{"start":{"line":32,"column":4},"end":{"line":32,"column":25}},"24":{"start":{"line":33,"column":4},"end":{"line":33,"column":54}},"25":{"start":{"line":34,"column":4},"end":{"line":34,"column":71}},"26":{"start":{"line":35,"column":4},"end":{"line":35,"column":69}},"27":{"start":{"line":36,"column":4},"end":{"line":36,"column":65}},"28":{"start":{"line":37,"column":4},"end":{"line":37,"column":27}},"29":{"start":{"line":39,"column":27},"end":{"line":395,"column":18}},"30":{"start":{"line":40,"column":4},"end":{"line":40,"column":29}},"31":{"start":{"line":42,"column":20},"end":{"line":42,"column":53}},"32":{"start":{"line":43,"column":8},"end":{"line":66,"column":10}},"33":{"start":{"line":44,"column":12},"end":{"line":65,"column":14}},"34":{"start":{"line":45,"column":28},"end":{"line":45,"column":58}},"35":{"start":{"line":46,"column":16},"end":{"line":46,"column":36}},"36":{"start":{"line":47,"column":25},"end":{"line":47,"column":38}},"37":{"start":{"line":48,"column":25},"end":{"line":48,"column":38}},"38":{"start":{"line":49,"column":16},"end":{"line":64,"column":17}},"39":{"start":{"line":51,"column":24},"end":{"line":51,"column":48}},"40":{"start":{"line":52,"column":24},"end":{"line":52,"column":109}},"41":{"start":{"line":53,"column":24},"end":{"line":53,"column":30}},"42":{"start":{"line":55,"column":24},"end":{"line":55,"column":47}},"43":{"start":{"line":56,"column":24},"end":{"line":56,"column":47}},"44":{"start":{"line":57,"column":24},"end":{"line":57,"column":30}},"45":{"start":{"line":59,"column":24},"end":{"line":59,"column":44}},"46":{"start":{"line":60,"column":24},"end":{"line":60,"column":44}},"47":{"start":{"line":62,"column":24},"end":{"line":62,"column":53}},"48":{"start":{"line":63,"column":24},"end":{"line":63,"column":53}},"49":{"start":{"line":67,"column":8},"end":{"line":134,"column":10}},"50":{"start":{"line":68,"column":12},"end":{"line":133,"column":14}},"51":{"start":{"line":69,"column":16},"end":{"line":132,"column":17}},"52":{"start":{"line":70,"column":20},"end":{"line":131,"column":21}},"53":{"start":{"line":72,"column":28},"end":{"line":72,"column":66}},"54":{"start":{"line":73,"column":28},"end":{"line":73,"column":113}},"55":{"start":{"line":74,"column":28},"end":{"line":74,"column":34}},"56":{"start":{"line":76,"column":28},"end":{"line":76,"column":92}},"57":{"start":{"line":77,"column":28},"end":{"line":77,"column":93}},"58":{"start":{"line":78,"column":28},"end":{"line":83,"column":29}},"59":{"start":{"line":79,"column":32},"end":{"line":79,"column":66}},"60":{"start":{"line":82,"column":32},"end":{"line":82,"column":74}},"61":{"start":{"line":84,"column":28},"end":{"line":89,"column":29}},"62":{"start":{"line":85,"column":32},"end":{"line":85,"column":66}},"63":{"start":{"line":88,"column":32},"end":{"line":88,"column":74}},"64":{"start":{"line":90,"column":28},"end":{"line":90,"column":42}},"65":{"start":{"line":91,"column":28},"end":{"line":91,"column":46}},"66":{"start":{"line":92,"column":28},"end":{"line":92,"column":195}},"67":{"start":{"line":93,"column":28},"end":{"line":93,"column":34}},"68":{"start":{"line":95,"column":41},"end":{"line":95,"column":47}},"69":{"start":{"line":95,"column":58},"end":{"line":95,"column":64}},"70":{"start":{"line":95,"column":74},"end":{"line":95,"column":80}},"71":{"start":{"line":95,"column":90},"end":{"line":95,"column":96}},"72":{"start":{"line":96,"column":28},"end":{"line":105,"column":29}},"73":{"start":{"line":97,"column":32},"end":{"line":99,"column":81}},"74":{"start":{"line":102,"column":32},"end":{"line":104,"column":55}},"75":{"start":{"line":106,"column":28},"end":{"line":115,"column":29}},"76":{"start":{"line":107,"column":32},"end":{"line":109,"column":81}},"77":{"start":{"line":112,"column":32},"end":{"line":114,"column":55}},"78":{"start":{"line":116,"column":28},"end":{"line":116,"column":77}},"79":{"start":{"line":117,"column":28},"end":{"line":117,"column":77}},"80":{"start":{"line":118,"column":28},"end":{"line":118,"column":42}},"81":{"start":{"line":119,"column":28},"end":{"line":119,"column":46}},"82":{"start":{"line":120,"column":28},"end":{"line":120,"column":117}},"83":{"start":{"line":121,"column":28},"end":{"line":121,"column":34}},"84":{"start":{"line":123,"column":28},"end":{"line":123,"column":63}},"85":{"start":{"line":124,"column":28},"end":{"line":124,"column":63}},"86":{"start":{"line":125,"column":28},"end":{"line":125,"column":42}},"87":{"start":{"line":126,"column":28},"end":{"line":126,"column":46}},"88":{"start":{"line":127,"column":28},"end":{"line":127,"column":105}},"89":{"start":{"line":128,"column":28},"end":{"line":128,"column":46}},"90":{"start":{"line":129,"column":28},"end":{"line":129,"column":55}},"91":{"start":{"line":130,"column":28},"end":{"line":130,"column":34}},"92":{"start":{"line":135,"column":8},"end":{"line":216,"column":10}},"93":{"start":{"line":136,"column":12},"end":{"line":215,"column":14}},"94":{"start":{"line":137,"column":16},"end":{"line":214,"column":17}},"95":{"start":{"line":138,"column":20},"end":{"line":212,"column":21}},"96":{"start":{"line":140,"column":28},"end":{"line":146,"column":31}},"97":{"start":{"line":147,"column":28},"end":{"line":147,"column":45}},"98":{"start":{"line":148,"column":28},"end":{"line":148,"column":45}},"99":{"start":{"line":149,"column":28},"end":{"line":149,"column":49}},"100":{"start":{"line":150,"column":28},"end":{"line":150,"column":34}},"101":{"start":{"line":152,"column":28},"end":{"line":161,"column":31}},"102":{"start":{"line":162,"column":28},"end":{"line":162,"column":49}},"103":{"start":{"line":163,"column":28},"end":{"line":163,"column":34}},"104":{"start":{"line":165,"column":41},"end":{"line":165,"column":47}},"105":{"start":{"line":165,"column":58},"end":{"line":165,"column":64}},"106":{"start":{"line":165,"column":74},"end":{"line":165,"column":80}},"107":{"start":{"line":165,"column":90},"end":{"line":165,"column":96}},"108":{"start":{"line":166,"column":28},"end":{"line":175,"column":29}},"109":{"start":{"line":167,"column":32},"end":{"line":169,"column":81}},"110":{"start":{"line":172,"column":32},"end":{"line":174,"column":55}},"111":{"start":{"line":176,"column":28},"end":{"line":185,"column":29}},"112":{"start":{"line":177,"column":32},"end":{"line":179,"column":81}},"113":{"start":{"line":182,"column":32},"end":{"line":184,"column":55}},"114":{"start":{"line":186,"column":28},"end":{"line":186,"column":77}},"115":{"start":{"line":187,"column":28},"end":{"line":187,"column":77}},"116":{"start":{"line":188,"column":28},"end":{"line":196,"column":31}},"117":{"start":{"line":197,"column":28},"end":{"line":197,"column":46}},"118":{"start":{"line":198,"column":28},"end":{"line":198,"column":34}},"119":{"start":{"line":200,"column":42},"end":{"line":205,"column":29}},"120":{"start":{"line":206,"column":28},"end":{"line":206,"column":69}},"121":{"start":{"line":207,"column":28},"end":{"line":210,"column":30}},"122":{"start":{"line":211,"column":28},"end":{"line":211,"column":34}},"123":{"start":{"line":213,"column":20},"end":{"line":213,"column":41}},"124":{"start":{"line":223,"column":8},"end":{"line":227,"column":10}},"125":{"start":{"line":224,"column":12},"end":{"line":224,"column":32}},"126":{"start":{"line":225,"column":12},"end":{"line":225,"column":32}},"127":{"start":{"line":226,"column":12},"end":{"line":226,"column":36}},"128":{"start":{"line":237,"column":8},"end":{"line":253,"column":10}},"129":{"start":{"line":238,"column":22},"end":{"line":238,"column":51}},"130":{"start":{"line":239,"column":12},"end":{"line":252,"column":13}},"131":{"start":{"line":239,"column":25},"end":{"line":239,"column":26}},"132":{"start":{"line":240,"column":16},"end":{"line":240,"column":56}},"133":{"start":{"line":241,"column":16},"end":{"line":246,"column":17}},"134":{"start":{"line":242,"column":20},"end":{"line":242,"column":59}},"135":{"start":{"line":245,"column":20},"end":{"line":245,"column":55}},"136":{"start":{"line":247,"column":16},"end":{"line":247,"column":42}},"137":{"start":{"line":248,"column":16},"end":{"line":248,"column":40}},"138":{"start":{"line":249,"column":16},"end":{"line":249,"column":47}},"139":{"start":{"line":250,"column":16},"end":{"line":250,"column":32}},"140":{"start":{"line":251,"column":16},"end":{"line":251,"column":29}},"141":{"start":{"line":254,"column":8},"end":{"line":263,"column":10}},"142":{"start":{"line":255,"column":22},"end":{"line":255,"column":51}},"143":{"start":{"line":256,"column":12},"end":{"line":256,"column":28}},"144":{"start":{"line":257,"column":12},"end":{"line":257,"column":55}},"145":{"start":{"line":258,"column":12},"end":{"line":258,"column":38}},"146":{"start":{"line":259,"column":12},"end":{"line":259,"column":38}},"147":{"start":{"line":260,"column":12},"end":{"line":260,"column":36}},"148":{"start":{"line":261,"column":12},"end":{"line":261,"column":23}},"149":{"start":{"line":262,"column":12},"end":{"line":262,"column":25}},"150":{"start":{"line":264,"column":8},"end":{"line":274,"column":10}},"151":{"start":{"line":265,"column":12},"end":{"line":265,"column":50}},"152":{"start":{"line":266,"column":12},"end":{"line":266,"column":50}},"153":{"start":{"line":267,"column":12},"end":{"line":267,"column":49}},"154":{"start":{"line":268,"column":12},"end":{"line":268,"column":49}},"155":{"start":{"line":269,"column":12},"end":{"line":269,"column":51}},"156":{"start":{"line":270,"column":12},"end":{"line":270,"column":104}},"157":{"start":{"line":271,"column":12},"end":{"line":271,"column":104}},"158":{"start":{"line":272,"column":12},"end":{"line":272,"column":104}},"159":{"start":{"line":273,"column":12},"end":{"line":273,"column":104}},"160":{"start":{"line":275,"column":8},"end":{"line":277,"column":10}},"161":{"start":{"line":276,"column":12},"end":{"line":276,"column":109}},"162":{"start":{"line":278,"column":8},"end":{"line":289,"column":10}},"163":{"start":{"line":279,"column":27},"end":{"line":282,"column":13}},"164":{"start":{"line":283,"column":12},"end":{"line":283,"column":79}},"165":{"start":{"line":284,"column":12},"end":{"line":284,"column":79}},"166":{"start":{"line":285,"column":12},"end":{"line":285,"column":79}},"167":{"start":{"line":286,"column":12},"end":{"line":286,"column":79}},"168":{"start":{"line":287,"column":12},"end":{"line":287,"column":80}},"169":{"start":{"line":288,"column":12},"end":{"line":288,"column":80}},"170":{"start":{"line":290,"column":8},"end":{"line":302,"column":10}},"171":{"start":{"line":291,"column":22},"end":{"line":291,"column":51}},"172":{"start":{"line":292,"column":12},"end":{"line":292,"column":34}},"173":{"start":{"line":293,"column":12},"end":{"line":293,"column":28}},"174":{"start":{"line":294,"column":12},"end":{"line":294,"column":71}},"175":{"start":{"line":295,"column":12},"end":{"line":295,"column":71}},"176":{"start":{"line":296,"column":12},"end":{"line":296,"column":71}},"177":{"start":{"line":297,"column":12},"end":{"line":297,"column":71}},"178":{"start":{"line":298,"column":12},"end":{"line":298,"column":71}},"179":{"start":{"line":299,"column":12},"end":{"line":299,"column":73}},"180":{"start":{"line":300,"column":12},"end":{"line":300,"column":28}},"181":{"start":{"line":301,"column":12},"end":{"line":301,"column":23}},"182":{"start":{"line":303,"column":8},"end":{"line":320,"column":10}},"183":{"start":{"line":304,"column":12},"end":{"line":304,"column":53}},"184":{"start":{"line":304,"column":35},"end":{"line":304,"column":51}},"185":{"start":{"line":305,"column":22},"end":{"line":305,"column":51}},"186":{"start":{"line":306,"column":12},"end":{"line":306,"column":28}},"187":{"start":{"line":307,"column":12},"end":{"line":307,"column":38}},"188":{"start":{"line":308,"column":12},"end":{"line":308,"column":47}},"189":{"start":{"line":309,"column":12},"end":{"line":309,"column":72}},"190":{"start":{"line":310,"column":12},"end":{"line":310,"column":55}},"191":{"start":{"line":311,"column":12},"end":{"line":311,"column":88}},"192":{"start":{"line":312,"column":12},"end":{"line":312,"column":46}},"193":{"start":{"line":313,"column":12},"end":{"line":313,"column":70}},"194":{"start":{"line":314,"column":12},"end":{"line":314,"column":38}},"195":{"start":{"line":315,"column":12},"end":{"line":315,"column":54}},"196":{"start":{"line":316,"column":12},"end":{"line":316,"column":40}},"197":{"start":{"line":317,"column":12},"end":{"line":317,"column":38}},"198":{"start":{"line":318,"column":12},"end":{"line":318,"column":28}},"199":{"start":{"line":319,"column":12},"end":{"line":319,"column":24}},"200":{"start":{"line":324,"column":8},"end":{"line":329,"column":10}},"201":{"start":{"line":325,"column":22},"end":{"line":325,"column":51}},"202":{"start":{"line":326,"column":24},"end":{"line":326,"column":42}},"203":{"start":{"line":327,"column":25},"end":{"line":327,"column":44}},"204":{"start":{"line":328,"column":12},"end":{"line":328,"column":47}},"205":{"start":{"line":333,"column":8},"end":{"line":354,"column":10}},"206":{"start":{"line":334,"column":12},"end":{"line":337,"column":19}},"207":{"start":{"line":336,"column":20},"end":{"line":336,"column":130}},"208":{"start":{"line":338,"column":12},"end":{"line":341,"column":19}},"209":{"start":{"line":340,"column":20},"end":{"line":340,"column":91}},"210":{"start":{"line":342,"column":12},"end":{"line":345,"column":19}},"211":{"start":{"line":344,"column":20},"end":{"line":344,"column":107}},"212":{"start":{"line":346,"column":12},"end":{"line":353,"column":19}},"213":{"start":{"line":348,"column":20},"end":{"line":352,"column":21}},"214":{"start":{"line":349,"column":24},"end":{"line":349,"column":83}},"215":{"start":{"line":350,"column":24},"end":{"line":350,"column":42}},"216":{"start":{"line":351,"column":24},"end":{"line":351,"column":51}},"217":{"start":{"line":355,"column":8},"end":{"line":355,"column":21}},"218":{"start":{"line":357,"column":4},"end":{"line":360,"column":6}},"219":{"start":{"line":358,"column":8},"end":{"line":358,"column":37}},"220":{"start":{"line":359,"column":8},"end":{"line":359,"column":28}},"221":{"start":{"line":361,"column":4},"end":{"line":365,"column":6}},"222":{"start":{"line":362,"column":8},"end":{"line":362,"column":73}},"223":{"start":{"line":363,"column":8},"end":{"line":363,"column":124}},"224":{"start":{"line":364,"column":8},"end":{"line":364,"column":123}},"225":{"start":{"line":366,"column":4},"end":{"line":373,"column":6}},"226":{"start":{"line":367,"column":8},"end":{"line":367,"column":57}},"227":{"start":{"line":368,"column":8},"end":{"line":368,"column":63}},"228":{"start":{"line":369,"column":8},"end":{"line":369,"column":51}},"229":{"start":{"line":370,"column":8},"end":{"line":370,"column":54}},"230":{"start":{"line":371,"column":8},"end":{"line":371,"column":75}},"231":{"start":{"line":372,"column":8},"end":{"line":372,"column":63}},"232":{"start":{"line":374,"column":4},"end":{"line":374,"column":25}},"233":{"start":{"line":376,"column":4},"end":{"line":376,"column":25}},"234":{"start":{"line":377,"column":4},"end":{"line":377,"column":21}},"235":{"start":{"line":378,"column":4},"end":{"line":378,"column":21}},"236":{"start":{"line":380,"column":4},"end":{"line":380,"column":25}},"237":{"start":{"line":382,"column":4},"end":{"line":382,"column":22}},"238":{"start":{"line":384,"column":4},"end":{"line":384,"column":31}},"239":{"start":{"line":385,"column":4},"end":{"line":385,"column":30}},"240":{"start":{"line":386,"column":4},"end":{"line":386,"column":29}},"241":{"start":{"line":388,"column":4},"end":{"line":393,"column":6}},"242":{"start":{"line":394,"column":4},"end":{"line":394,"column":17}},"243":{"start":{"line":396,"column":0},"end":{"line":396,"column":27}}},"fnMap":{"0":{"name":"(anonymous_0)","decl":{"start":{"line":2,"column":45},"end":{"line":2,"column":46}},"loc":{"start":{"line":2,"column":57},"end":{"line":16,"column":1}},"line":2},"1":{"name":"(anonymous_1)","decl":{"start":{"line":3,"column":24},"end":{"line":3,"column":25}},"loc":{"start":{"line":3,"column":40},"end":{"line":8,"column":5}},"line":3},"2":{"name":"(anonymous_2)","decl":{"start":{"line":5,"column":51},"end":{"line":5,"column":52}},"loc":{"start":{"line":5,"column":67},"end":{"line":5,"column":87}},"line":5},"3":{"name":"(anonymous_3)","decl":{"start":{"line":6,"column":12},"end":{"line":6,"column":13}},"loc":{"start":{"line":6,"column":28},"end":{"line":6,"column":109}},"line":6},"4":{"name":"(anonymous_4)","decl":{"start":{"line":9,"column":11},"end":{"line":9,"column":12}},"loc":{"start":{"line":9,"column":27},"end":{"line":15,"column":5}},"line":9},"5":{"name":"__","decl":{"start":{"line":13,"column":17},"end":{"line":13,"column":19}},"loc":{"start":{"line":13,"column":22},"end":{"line":13,"column":47}},"line":13},"6":{"name":"(anonymous_6)","decl":{"start":{"line":26,"column":37},"end":{"line":26,"column":38}},"loc":{"start":{"line":26,"column":49},"end":{"line":38,"column":1}},"line":26},"7":{"name":"PaintEnviroment","decl":{"start":{"line":28,"column":13},"end":{"line":28,"column":28}},"loc":{"start":{"line":28,"column":37},"end":{"line":30,"column":5}},"line":28},"8":{"name":"(anonymous_8)","decl":{"start":{"line":39,"column":27},"end":{"line":39,"column":28}},"loc":{"start":{"line":39,"column":45},"end":{"line":395,"column":1}},"line":39},"9":{"name":"Paint","decl":{"start":{"line":41,"column":13},"end":{"line":41,"column":18}},"loc":{"start":{"line":41,"column":27},"end":{"line":356,"column":5}},"line":41},"10":{"name":"(anonymous_10)","decl":{"start":{"line":43,"column":31},"end":{"line":43,"column":32}},"loc":{"start":{"line":43,"column":76},"end":{"line":66,"column":9}},"line":43},"11":{"name":"(anonymous_11)","decl":{"start":{"line":44,"column":58},"end":{"line":44,"column":59}},"loc":{"start":{"line":44,"column":71},"end":{"line":65,"column":13}},"line":44},"12":{"name":"(anonymous_12)","decl":{"start":{"line":67,"column":30},"end":{"line":67,"column":31}},"loc":{"start":{"line":67,"column":121},"end":{"line":134,"column":9}},"line":67},"13":{"name":"(anonymous_13)","decl":{"start":{"line":68,"column":57},"end":{"line":68,"column":58}},"loc":{"start":{"line":68,"column":70},"end":{"line":133,"column":13}},"line":68},"14":{"name":"(anonymous_14)","decl":{"start":{"line":135,"column":29},"end":{"line":135,"column":30}},"loc":{"start":{"line":135,"column":120},"end":{"line":216,"column":9}},"line":135},"15":{"name":"(anonymous_15)","decl":{"start":{"line":136,"column":56},"end":{"line":136,"column":57}},"loc":{"start":{"line":136,"column":69},"end":{"line":215,"column":13}},"line":136},"16":{"name":"(anonymous_16)","decl":{"start":{"line":223,"column":26},"end":{"line":223,"column":27}},"loc":{"start":{"line":223,"column":42},"end":{"line":227,"column":9}},"line":223},"17":{"name":"(anonymous_17)","decl":{"start":{"line":237,"column":26},"end":{"line":237,"column":27}},"loc":{"start":{"line":237,"column":79},"end":{"line":253,"column":9}},"line":237},"18":{"name":"(anonymous_18)","decl":{"start":{"line":254,"column":28},"end":{"line":254,"column":29}},"loc":{"start":{"line":254,"column":79},"end":{"line":263,"column":9}},"line":254},"19":{"name":"(anonymous_19)","decl":{"start":{"line":264,"column":27},"end":{"line":264,"column":28}},"loc":{"start":{"line":264,"column":67},"end":{"line":274,"column":9}},"line":264},"20":{"name":"(anonymous_20)","decl":{"start":{"line":275,"column":26},"end":{"line":275,"column":27}},"loc":{"start":{"line":275,"column":59},"end":{"line":277,"column":9}},"line":275},"21":{"name":"(anonymous_21)","decl":{"start":{"line":278,"column":26},"end":{"line":278,"column":27}},"loc":{"start":{"line":278,"column":38},"end":{"line":289,"column":9}},"line":278},"22":{"name":"(anonymous_22)","decl":{"start":{"line":290,"column":26},"end":{"line":290,"column":27}},"loc":{"start":{"line":290,"column":43},"end":{"line":302,"column":9}},"line":290},"23":{"name":"(anonymous_23)","decl":{"start":{"line":303,"column":27},"end":{"line":303,"column":28}},"loc":{"start":{"line":303,"column":90},"end":{"line":320,"column":9}},"line":303},"24":{"name":"(anonymous_24)","decl":{"start":{"line":324,"column":22},"end":{"line":324,"column":23}},"loc":{"start":{"line":324,"column":34},"end":{"line":329,"column":9}},"line":324},"25":{"name":"(anonymous_25)","decl":{"start":{"line":333,"column":26},"end":{"line":333,"column":27}},"loc":{"start":{"line":333,"column":38},"end":{"line":354,"column":9}},"line":333},"26":{"name":"(anonymous_26)","decl":{"start":{"line":335,"column":50},"end":{"line":335,"column":51}},"loc":{"start":{"line":335,"column":65},"end":{"line":337,"column":17}},"line":335},"27":{"name":"(anonymous_27)","decl":{"start":{"line":339,"column":50},"end":{"line":339,"column":51}},"loc":{"start":{"line":339,"column":65},"end":{"line":341,"column":17}},"line":339},"28":{"name":"(anonymous_28)","decl":{"start":{"line":343,"column":52},"end":{"line":343,"column":53}},"loc":{"start":{"line":343,"column":67},"end":{"line":345,"column":17}},"line":343},"29":{"name":"(anonymous_29)","decl":{"start":{"line":347,"column":51},"end":{"line":347,"column":52}},"loc":{"start":{"line":347,"column":66},"end":{"line":353,"column":17}},"line":347},"30":{"name":"(anonymous_30)","decl":{"start":{"line":357,"column":27},"end":{"line":357,"column":28}},"loc":{"start":{"line":357,"column":45},"end":{"line":360,"column":5}},"line":357},"31":{"name":"(anonymous_31)","decl":{"start":{"line":361,"column":35},"end":{"line":361,"column":36}},"loc":{"start":{"line":361,"column":47},"end":{"line":365,"column":5}},"line":361},"32":{"name":"(anonymous_32)","decl":{"start":{"line":366,"column":38},"end":{"line":366,"column":39}},"loc":{"start":{"line":366,"column":56},"end":{"line":373,"column":5}},"line":366}},"branchMap":{"0":{"loc":{"start":{"line":2,"column":16},"end":{"line":16,"column":4}},"type":"binary-expr","locations":[{"start":{"line":2,"column":17},"end":{"line":2,"column":21}},{"start":{"line":2,"column":25},"end":{"line":2,"column":39}},{"start":{"line":2,"column":44},"end":{"line":16,"column":4}}],"line":2},"1":{"loc":{"start":{"line":4,"column":24},"end":{"line":6,"column":109}},"type":"binary-expr","locations":[{"start":{"line":4,"column":24},"end":{"line":4,"column":45}},{"start":{"line":5,"column":13},"end":{"line":5,"column":47}},{"start":{"line":5,"column":51},"end":{"line":5,"column":87}},{"start":{"line":6,"column":12},"end":{"line":6,"column":109}}],"line":4},"2":{"loc":{"start":{"line":6,"column":47},"end":{"line":6,"column":107}},"type":"if","locations":[{"start":{"line":6,"column":47},"end":{"line":6,"column":107}},{"start":{},"end":{}}],"line":6},"3":{"loc":{"start":{"line":10,"column":8},"end":{"line":11,"column":102}},"type":"if","locations":[{"start":{"line":10,"column":8},"end":{"line":11,"column":102}},{"start":{},"end":{}}],"line":10},"4":{"loc":{"start":{"line":10,"column":12},"end":{"line":10,"column":49}},"type":"binary-expr","locations":[{"start":{"line":10,"column":12},"end":{"line":10,"column":35}},{"start":{"line":10,"column":39},"end":{"line":10,"column":49}}],"line":10},"5":{"loc":{"start":{"line":14,"column":22},"end":{"line":14,"column":92}},"type":"cond-expr","locations":[{"start":{"line":14,"column":35},"end":{"line":14,"column":51}},{"start":{"line":14,"column":55},"end":{"line":14,"column":91}}],"line":14},"6":{"loc":{"start":{"line":34,"column":33},"end":{"line":34,"column":70}},"type":"cond-expr","locations":[{"start":{"line":34,"column":44},"end":{"line":34,"column":56}},{"start":{"line":34,"column":59},"end":{"line":34,"column":70}}],"line":34},"7":{"loc":{"start":{"line":35,"column":32},"end":{"line":35,"column":68}},"type":"cond-expr","locations":[{"start":{"line":35,"column":43},"end":{"line":35,"column":54}},{"start":{"line":35,"column":57},"end":{"line":35,"column":68}}],"line":35},"8":{"loc":{"start":{"line":36,"column":31},"end":{"line":36,"column":64}},"type":"cond-expr","locations":[{"start":{"line":36,"column":42},"end":{"line":36,"column":52}},{"start":{"line":36,"column":55},"end":{"line":36,"column":64}}],"line":36},"9":{"loc":{"start":{"line":42,"column":20},"end":{"line":42,"column":53}},"type":"binary-expr","locations":[{"start":{"line":42,"column":20},"end":{"line":42,"column":45}},{"start":{"line":42,"column":49},"end":{"line":42,"column":53}}],"line":42},"10":{"loc":{"start":{"line":45,"column":28},"end":{"line":45,"column":58}},"type":"cond-expr","locations":[{"start":{"line":45,"column":42},"end":{"line":45,"column":54}},{"start":{"line":45,"column":57},"end":{"line":45,"column":58}}],"line":45},"11":{"loc":{"start":{"line":49,"column":16},"end":{"line":64,"column":17}},"type":"switch","locations":[{"start":{"line":50,"column":20},"end":{"line":53,"column":30}},{"start":{"line":54,"column":20},"end":{"line":57,"column":30}},{"start":{"line":58,"column":20},"end":{"line":60,"column":44}},{"start":{"line":61,"column":20},"end":{"line":63,"column":53}}],"line":49},"12":{"loc":{"start":{"line":69,"column":16},"end":{"line":132,"column":17}},"type":"if","locations":[{"start":{"line":69,"column":16},"end":{"line":132,"column":17}},{"start":{},"end":{}}],"line":69},"13":{"loc":{"start":{"line":70,"column":20},"end":{"line":131,"column":21}},"type":"switch","locations":[{"start":{"line":71,"column":24},"end":{"line":74,"column":34}},{"start":{"line":75,"column":24},"end":{"line":93,"column":34}},{"start":{"line":94,"column":24},"end":{"line":121,"column":34}},{"start":{"line":122,"column":24},"end":{"line":130,"column":34}}],"line":70},"14":{"loc":{"start":{"line":78,"column":28},"end":{"line":83,"column":29}},"type":"if","locations":[{"start":{"line":78,"column":28},"end":{"line":83,"column":29}},{"start":{"line":81,"column":33},"end":{"line":83,"column":29}}],"line":78},"15":{"loc":{"start":{"line":84,"column":28},"end":{"line":89,"column":29}},"type":"if","locations":[{"start":{"line":84,"column":28},"end":{"line":89,"column":29}},{"start":{"line":87,"column":33},"end":{"line":89,"column":29}}],"line":84},"16":{"loc":{"start":{"line":96,"column":28},"end":{"line":105,"column":29}},"type":"if","locations":[{"start":{"line":96,"column":28},"end":{"line":105,"column":29}},{"start":{"line":101,"column":33},"end":{"line":105,"column":29}}],"line":96},"17":{"loc":{"start":{"line":106,"column":28},"end":{"line":115,"column":29}},"type":"if","locations":[{"start":{"line":106,"column":28},"end":{"line":115,"column":29}},{"start":{"line":111,"column":33},"end":{"line":115,"column":29}}],"line":106},"18":{"loc":{"start":{"line":137,"column":16},"end":{"line":214,"column":17}},"type":"if","locations":[{"start":{"line":137,"column":16},"end":{"line":214,"column":17}},{"start":{},"end":{}}],"line":137},"19":{"loc":{"start":{"line":138,"column":20},"end":{"line":212,"column":21}},"type":"switch","locations":[{"start":{"line":139,"column":24},"end":{"line":150,"column":34}},{"start":{"line":151,"column":24},"end":{"line":163,"column":34}},{"start":{"line":164,"column":24},"end":{"line":198,"column":34}},{"start":{"line":199,"column":24},"end":{"line":211,"column":34}}],"line":138},"20":{"loc":{"start":{"line":166,"column":28},"end":{"line":175,"column":29}},"type":"if","locations":[{"start":{"line":166,"column":28},"end":{"line":175,"column":29}},{"start":{"line":171,"column":33},"end":{"line":175,"column":29}}],"line":166},"21":{"loc":{"start":{"line":176,"column":28},"end":{"line":185,"column":29}},"type":"if","locations":[{"start":{"line":176,"column":28},"end":{"line":185,"column":29}},{"start":{"line":181,"column":33},"end":{"line":185,"column":29}}],"line":176},"22":{"loc":{"start":{"line":241,"column":16},"end":{"line":246,"column":17}},"type":"if","locations":[{"start":{"line":241,"column":16},"end":{"line":246,"column":17}},{"start":{"line":244,"column":21},"end":{"line":246,"column":17}}],"line":241},"23":{"loc":{"start":{"line":241,"column":20},"end":{"line":241,"column":37}},"type":"binary-expr","locations":[{"start":{"line":241,"column":20},"end":{"line":241,"column":32}},{"start":{"line":241,"column":36},"end":{"line":241,"column":37}}],"line":241},"24":{"loc":{"start":{"line":304,"column":12},"end":{"line":304,"column":53}},"type":"if","locations":[{"start":{"line":304,"column":12},"end":{"line":304,"column":53}},{"start":{},"end":{}}],"line":304},"25":{"loc":{"start":{"line":334,"column":12},"end":{"line":337,"column":18}},"type":"binary-expr","locations":[{"start":{"line":334,"column":12},"end":{"line":334,"column":44}},{"start":{"line":335,"column":16},"end":{"line":337,"column":18}}],"line":334},"26":{"loc":{"start":{"line":338,"column":12},"end":{"line":341,"column":18}},"type":"binary-expr","locations":[{"start":{"line":338,"column":12},"end":{"line":338,"column":48}},{"start":{"line":339,"column":16},"end":{"line":341,"column":18}}],"line":338},"27":{"loc":{"start":{"line":342,"column":12},"end":{"line":345,"column":18}},"type":"binary-expr","locations":[{"start":{"line":342,"column":12},"end":{"line":342,"column":50}},{"start":{"line":343,"column":16},"end":{"line":345,"column":18}}],"line":342},"28":{"loc":{"start":{"line":346,"column":12},"end":{"line":353,"column":18}},"type":"binary-expr","locations":[{"start":{"line":346,"column":12},"end":{"line":346,"column":49}},{"start":{"line":347,"column":16},"end":{"line":353,"column":18}}],"line":346},"29":{"loc":{"start":{"line":348,"column":20},"end":{"line":352,"column":21}},"type":"if","locations":[{"start":{"line":348,"column":20},"end":{"line":352,"column":21}},{"start":{},"end":{}}],"line":348},"30":{"loc":{"start":{"line":348,"column":24},"end":{"line":348,"column":58}},"type":"binary-expr","locations":[{"start":{"line":348,"column":24},"end":{"line":348,"column":38}},{"start":{"line":348,"column":42},"end":{"line":348,"column":58}}],"line":348},"31":{"loc":{"start":{"line":367,"column":24},"end":{"line":367,"column":56}},"type":"binary-expr","locations":[{"start":{"line":367,"column":24},"end":{"line":367,"column":38}},{"start":{"line":367,"column":42},"end":{"line":367,"column":56}}],"line":367},"32":{"loc":{"start":{"line":368,"column":26},"end":{"line":368,"column":62}},"type":"binary-expr","locations":[{"start":{"line":368,"column":26},"end":{"line":368,"column":42}},{"start":{"line":368,"column":46},"end":{"line":368,"column":62}}],"line":368},"33":{"loc":{"start":{"line":369,"column":22},"end":{"line":369,"column":50}},"type":"binary-expr","locations":[{"start":{"line":369,"column":22},"end":{"line":369,"column":34}},{"start":{"line":369,"column":38},"end":{"line":369,"column":50}}],"line":369},"34":{"loc":{"start":{"line":370,"column":23},"end":{"line":370,"column":53}},"type":"binary-expr","locations":[{"start":{"line":370,"column":23},"end":{"line":370,"column":36}},{"start":{"line":370,"column":40},"end":{"line":370,"column":53}}],"line":370},"35":{"loc":{"start":{"line":371,"column":30},"end":{"line":371,"column":74}},"type":"binary-expr","locations":[{"start":{"line":371,"column":30},"end":{"line":371,"column":50}},{"start":{"line":371,"column":54},"end":{"line":371,"column":74}}],"line":371},"36":{"loc":{"start":{"line":372,"column":26},"end":{"line":372,"column":62}},"type":"binary-expr","locations":[{"start":{"line":372,"column":26},"end":{"line":372,"column":42}},{"start":{"line":372,"column":46},"end":{"line":372,"column":62}}],"line":372}},"s":{"0":1,"1":1,"2":1,"3":0,"4":0,"5":0,"6":0,"7":1,"8":1,"9":1,"10":0,"11":1,"12":1,"13":1,"14":1,"15":1,"16":1,"17":1,"18":1,"19":1,"20":1,"21":1,"22":1,"23":1,"24":1,"25":1,"26":1,"27":1,"28":1,"29":1,"30":1,"31":1,"32":1,"33":2,"34":0,"35":0,"36":0,"37":0,"38":0,"39":0,"40":0,"41":0,"42":0,"43":0,"44":0,"45":0,"46":0,"47":0,"48":0,"49":1,"50":1,"51":0,"52":0,"53":0,"54":0,"55":0,"56":0,"57":0,"58":0,"59":0,"60":0,"61":0,"62":0,"63":0,"64":0,"65":0,"66":0,"67":0,"68":0,"69":0,"70":0,"71":0,"72":0,"73":0,"74":0,"75":0,"76":0,"77":0,"78":0,"79":0,"80":0,"81":0,"82":0,"83":0,"84":0,"85":0,"86":0,"87":0,"88":0,"89":0,"90":0,"91":0,"92":1,"93":1,"94":0,"95":0,"96":0,"97":0,"98":0,"99":0,"100":0,"101":0,"102":0,"103":0,"104":0,"105":0,"106":0,"107":0,"108":0,"109":0,"110":0,"111":0,"112":0,"113":0,"114":0,"115":0,"116":0,"117":0,"118":0,"119":0,"120":0,"121":0,"122":0,"123":0,"124":1,"125":0,"126":0,"127":0,"128":1,"129":0,"130":0,"131":0,"132":0,"133":0,"134":0,"135":0,"136":0,"137":0,"138":0,"139":0,"140":0,"141":1,"142":0,"143":0,"144":0,"145":0,"146":0,"147":0,"148":0,"149":0,"150":1,"151":0,"152":0,"153":0,"154":0,"155":0,"156":0,"157":0,"158":0,"159":0,"160":1,"161":0,"162":1,"163":0,"164":0,"165":0,"166":0,"167":0,"168":0,"169":0,"170":1,"171":0,"172":0,"173":0,"174":0,"175":0,"176":0,"177":0,"178":0,"179":0,"180":0,"181":0,"182":1,"183":0,"184":0,"185":0,"186":0,"187":0,"188":0,"189":0,"190":0,"191":0,"192":0,"193":0,"194":0,"195":0,"196":0,"197":0,"198":0,"199":0,"200":1,"201":0,"202":0,"203":0,"204":0,"205":1,"206":0,"207":0,"208":0,"209":0,"210":0,"211":0,"212":0,"213":0,"214":0,"215":0,"216":0,"217":1,"218":1,"219":1,"220":1,"221":1,"222":1,"223":1,"224":1,"225":1,"226":1,"227":1,"228":1,"229":1,"230":1,"231":1,"232":1,"233":1,"234":1,"235":1,"236":1,"237":1,"238":1,"239":1,"240":1,"241":1,"242":1,"243":1},"f":{"0":1,"1":1,"2":0,"3":0,"4":1,"5":1,"6":1,"7":1,"8":1,"9":1,"10":2,"11":0,"12":1,"13":0,"14":1,"15":0,"16":0,"17":0,"18":0,"19":0,"20":0,"21":0,"22":0,"23":0,"24":0,"25":0,"26":0,"27":0,"28":0,"29":0,"30":1,"31":1,"32":1},"b":{"0":[1,1,1],"1":[1,0,0,0],"2":[0,0],"3":[0,1],"4":[1,0],"5":[0,1],"6":[0,1],"7":[0,1],"8":[0,1],"9":[1,1],"10":[0,0],"11":[0,0,0,0],"12":[0,0],"13":[0,0,0,0],"14":[0,0],"15":[0,0],"16":[0,0],"17":[0,0],"18":[0,0],"19":[0,0,0,0],"20":[0,0],"21":[0,0],"22":[0,0],"23":[0,0],"24":[0,0],"25":[0,0],"26":[0,0],"27":[0,0],"28":[0,0],"29":[0,0],"30":[0,0],"31":[1,1],"32":[1,1],"33":[1,1],"34":[1,1],"35":[1,1],"36":[1,1]},"inputSourceMap":null,"_coverageSchema":"1a1c01bbd47fc00a2c39e90264f33305004495a9","hash":"3361a2a0c6ec097ff4f7be5da3352c636d2b712a"}
}
