TN:
SF:src/index.js
FN:2,(anonymous_0)
FN:3,(anonymous_1)
FN:5,(anonymous_2)
FN:6,(anonymous_3)
FN:9,(anonymous_4)
FN:13,__
FN:26,(anonymous_6)
FN:28,PaintEnviroment
FN:39,(anonymous_8)
FN:41,Paint
FN:43,(anonymous_10)
FN:44,(anonymous_11)
FN:67,(anonymous_12)
FN:68,(anonymous_13)
FN:135,(anonymous_14)
FN:136,(anonymous_15)
FN:223,(anonymous_16)
FN:237,(anonymous_17)
FN:254,(anonymous_18)
FN:264,(anonymous_19)
FN:275,(anonymous_20)
FN:278,(anonymous_21)
FN:290,(anonymous_22)
FN:303,(anonymous_23)
FN:324,(anonymous_24)
FN:333,(anonymous_25)
FN:335,(anonymous_26)
FN:339,(anonymous_27)
FN:343,(anonymous_28)
FN:347,(anonymous_29)
FN:357,(anonymous_30)
FN:361,(anonymous_31)
FN:366,(anonymous_32)
FNF:33
FNH:14
FNDA:1,(anonymous_0)
FNDA:1,(anonymous_1)
FNDA:0,(anonymous_2)
FNDA:0,(anonymous_3)
FNDA:1,(anonymous_4)
FNDA:1,__
FNDA:1,(anonymous_6)
FNDA:1,PaintEnviroment
FNDA:1,(anonymous_8)
FNDA:1,Paint
FNDA:2,(anonymous_10)
FNDA:0,(anonymous_11)
FNDA:1,(anonymous_12)
FNDA:0,(anonymous_13)
FNDA:1,(anonymous_14)
FNDA:0,(anonymous_15)
FNDA:0,(anonymous_16)
FNDA:0,(anonymous_17)
FNDA:0,(anonymous_18)
FNDA:0,(anonymous_19)
FNDA:0,(anonymous_20)
FNDA:0,(anonymous_21)
FNDA:0,(anonymous_22)
FNDA:0,(anonymous_23)
FNDA:0,(anonymous_24)
FNDA:0,(anonymous_25)
FNDA:0,(anonymous_26)
FNDA:0,(anonymous_27)
FNDA:0,(anonymous_28)
FNDA:0,(anonymous_29)
FNDA:1,(anonymous_30)
FNDA:1,(anonymous_31)
FNDA:1,(anonymous_32)
DA:2,1
DA:3,1
DA:4,1
DA:5,0
DA:6,0
DA:7,1
DA:9,1
DA:10,1
DA:11,0
DA:12,1
DA:13,1
DA:14,1
DA:17,1
DA:19,1
DA:20,1
DA:21,1
DA:22,1
DA:23,1
DA:24,1
DA:26,1
DA:29,1
DA:32,1
DA:33,1
DA:34,1
DA:35,1
DA:36,1
DA:37,1
DA:39,1
DA:40,1
DA:42,1
DA:43,1
DA:44,2
DA:45,0
DA:46,0
DA:47,0
DA:48,0
DA:49,0
DA:51,0
DA:52,0
DA:53,0
DA:55,0
DA:56,0
DA:57,0
DA:59,0
DA:60,0
DA:62,0
DA:63,0
DA:67,1
DA:68,1
DA:69,0
DA:70,0
DA:72,0
DA:73,0
DA:74,0
DA:76,0
DA:77,0
DA:78,0
DA:79,0
DA:82,0
DA:84,0
DA:85,0
DA:88,0
DA:90,0
DA:91,0
DA:92,0
DA:93,0
DA:95,0
DA:96,0
DA:97,0
DA:102,0
DA:106,0
DA:107,0
DA:112,0
DA:116,0
DA:117,0
DA:118,0
DA:119,0
DA:120,0
DA:121,0
DA:123,0
DA:124,0
DA:125,0
DA:126,0
DA:127,0
DA:128,0
DA:129,0
DA:130,0
DA:135,1
DA:136,1
DA:137,0
DA:138,0
DA:140,0
DA:147,0
DA:148,0
DA:149,0
DA:150,0
DA:152,0
DA:162,0
DA:163,0
DA:165,0
DA:166,0
DA:167,0
DA:172,0
DA:176,0
DA:177,0
DA:182,0
DA:186,0
DA:187,0
DA:188,0
DA:197,0
DA:198,0
DA:200,0
DA:206,0
DA:207,0
DA:211,0
DA:213,0
DA:223,1
DA:224,0
DA:225,0
DA:226,0
DA:237,1
DA:238,0
DA:239,0
DA:240,0
DA:241,0
DA:242,0
DA:245,0
DA:247,0
DA:248,0
DA:249,0
DA:250,0
DA:251,0
DA:254,1
DA:255,0
DA:256,0
DA:257,0
DA:258,0
DA:259,0
DA:260,0
DA:261,0
DA:262,0
DA:264,1
DA:265,0
DA:266,0
DA:267,0
DA:268,0
DA:269,0
DA:270,0
DA:271,0
DA:272,0
DA:273,0
DA:275,1
DA:276,0
DA:278,1
DA:279,0
DA:283,0
DA:284,0
DA:285,0
DA:286,0
DA:287,0
DA:288,0
DA:290,1
DA:291,0
DA:292,0
DA:293,0
DA:294,0
DA:295,0
DA:296,0
DA:297,0
DA:298,0
DA:299,0
DA:300,0
DA:301,0
DA:303,1
DA:304,0
DA:305,0
DA:306,0
DA:307,0
DA:308,0
DA:309,0
DA:310,0
DA:311,0
DA:312,0
DA:313,0
DA:314,0
DA:315,0
DA:316,0
DA:317,0
DA:318,0
DA:319,0
DA:324,1
DA:325,0
DA:326,0
DA:327,0
DA:328,0
DA:333,1
DA:334,0
DA:336,0
DA:338,0
DA:340,0
DA:342,0
DA:344,0
DA:346,0
DA:348,0
DA:349,0
DA:350,0
DA:351,0
DA:355,1
DA:357,1
DA:358,1
DA:359,1
DA:361,1
DA:362,1
DA:363,1
DA:364,1
DA:366,1
DA:367,1
DA:368,1
DA:369,1
DA:370,1
DA:371,1
DA:372,1
DA:374,1
DA:376,1
DA:377,1
DA:378,1
DA:380,1
DA:382,1
DA:384,1
DA:385,1
DA:386,1
DA:388,1
DA:394,1
DA:396,1
LF:234
LH:70
BRDA:2,0,0,1
BRDA:2,0,1,1
BRDA:2,0,2,1
BRDA:4,1,0,1
BRDA:4,1,1,0
BRDA:4,1,2,0
BRDA:4,1,3,0
BRDA:6,2,0,0
BRDA:6,2,1,0
BRDA:10,3,0,0
BRDA:10,3,1,1
BRDA:10,4,0,1
BRDA:10,4,1,0
BRDA:14,5,0,0
BRDA:14,5,1,1
BRDA:34,6,0,0
BRDA:34,6,1,1
BRDA:35,7,0,0
BRDA:35,7,1,1
BRDA:36,8,0,0
BRDA:36,8,1,1
BRDA:42,9,0,1
BRDA:42,9,1,1
BRDA:45,10,0,0
BRDA:45,10,1,0
BRDA:49,11,0,0
BRDA:49,11,1,0
BRDA:49,11,2,0
BRDA:49,11,3,0
BRDA:69,12,0,0
BRDA:69,12,1,0
BRDA:70,13,0,0
BRDA:70,13,1,0
BRDA:70,13,2,0
BRDA:70,13,3,0
BRDA:78,14,0,0
BRDA:78,14,1,0
BRDA:84,15,0,0
BRDA:84,15,1,0
BRDA:96,16,0,0
BRDA:96,16,1,0
BRDA:106,17,0,0
BRDA:106,17,1,0
BRDA:137,18,0,0
BRDA:137,18,1,0
BRDA:138,19,0,0
BRDA:138,19,1,0
BRDA:138,19,2,0
BRDA:138,19,3,0
BRDA:166,20,0,0
BRDA:166,20,1,0
BRDA:176,21,0,0
BRDA:176,21,1,0
BRDA:241,22,0,0
BRDA:241,22,1,0
BRDA:241,23,0,0
BRDA:241,23,1,0
BRDA:304,24,0,0
BRDA:304,24,1,0
BRDA:334,25,0,0
BRDA:334,25,1,0
BRDA:338,26,0,0
BRDA:338,26,1,0
BRDA:342,27,0,0
BRDA:342,27,1,0
BRDA:346,28,0,0
BRDA:346,28,1,0
BRDA:348,29,0,0
BRDA:348,29,1,0
BRDA:348,30,0,0
BRDA:348,30,1,0
BRDA:367,31,0,1
BRDA:367,31,1,1
BRDA:368,32,0,1
BRDA:368,32,1,1
BRDA:369,33,0,1
BRDA:369,33,1,1
BRDA:370,34,0,1
BRDA:370,34,1,1
BRDA:371,35,0,1
BRDA:371,35,1,1
BRDA:372,36,0,1
BRDA:372,36,1,1
BRF:83
BRH:24
end_of_record
